[2025-03-01T09:28:08.147] [ERROR] default - [s3Util] :: generateProfileImagePresignedURL() : Forbidden: null
[2025-03-01T09:31:06.546] [ERROR] default - [s3Util] :: generateProfileImagePresignedURL() : Forbidden: null
[2025-03-01T09:31:40.115] [ERROR] default - [s3Util] :: generateProfileImagePresignedURL() : Forbidden: null
[2025-03-01T09:32:18.997] [ERROR] default - [userController] :: createUser() : Email already exists
[2025-03-01T09:32:44.880] [ERROR] default - [s3Util] :: generateProfileImagePresignedURL() : Forbidden: null
[2025-03-01T09:34:33.009] [ERROR] default - [s3Util] :: generateProfileImagePresignedURL() : Forbidden: null
[2025-03-01T09:34:44.107] [ERROR] default - [s3Util] :: generateProfileImagePresignedURL() : Forbidden: null
[2025-03-01T09:35:34.384] [ERROR] default - [s3Util] :: generateProfileImagePresignedURL() : Forbidden: null
[2025-03-01T09:35:40.979] [ERROR] default - [s3Util] :: generateProfileImagePresignedURL() : Forbidden: null
[2025-03-01T09:35:44.340] [ERROR] default - [s3Util] :: generateProfileImagePresignedURL() : Forbidden: null
[2025-03-01T09:35:46.809] [ERROR] default - [s3Util] :: generateProfileImagePresignedURL() : Forbidden: null
[2025-03-01T09:37:16.659] [ERROR] default - [s3Util] :: generateProfileImagePresignedURL() : Forbidden: null
[2025-03-01T12:10:26.788] [ERROR] default - [s3Util] :: generateProfileImagePresignedURL() : Forbidden: null
[2025-03-04T05:49:53.837] [ERROR] default - [userController] :: createUserCv() : CV already exists for user
[2025-03-04T05:58:50.676] [ERROR] default - [userController] :: getUserCv() : Role not found for user
[2025-03-12T03:42:35.643] [ERROR] default - [s3Util] :: generateProfileImagePresignedURL() : Forbidden: null
[2025-03-12T03:46:58.666] [ERROR] default - [authController] :: authenticate() : Unauthorized user
[2025-03-12T03:47:03.302] [ERROR] default - [authController] :: authenticate() : Unauthorized user
[2025-03-12T03:47:11.602] [ERROR] default - [s3Util] :: generateProfileImagePresignedURL() : Forbidden: null
[2025-03-12T03:47:39.996] [ERROR] default - [s3Util] :: generateProfileImagePresignedURL() : Forbidden: null
[2025-03-12T03:47:56.132] [ERROR] default - [s3Util] :: generateProfileImagePresignedURL() : Forbidden: null
[2025-03-12T03:53:51.131] [ERROR] default - [s3Util] :: generateProfileImagePresignedURL() : Forbidden: null
[2025-03-12T03:54:40.595] [ERROR] default - [s3Util] :: generateProfileImagePresignedURL() : Forbidden: null
[2025-03-12T12:39:44.190] [ERROR] default - [s3Util] :: generateProfileImagePresignedURL() : Forbidden: null
[2025-03-12T12:49:11.023] [ERROR] default - [userController] :: getUserCv() : Role not found for user
[2025-03-12T12:49:12.312] [ERROR] default - [userController] :: getUserCv() : Role not found for user
[2025-03-12T14:02:52.247] [ERROR] default - [s3Util] :: generateProfileImagePresignedURL() : Forbidden: null
[2025-03-26T10:50:55.677] [ERROR] default - [s3Util] :: generateProfileImagePresignedURL() : Forbidden: null
[2025-03-27T16:25:34.507] [ERROR] default - [authController] :: authenticate() : Unauthorized user
[2025-03-27T16:25:38.247] [ERROR] default - [authController] :: authenticate() : Unauthorized user
[2025-03-27T16:25:44.287] [ERROR] default - [authController] :: authenticate() : Unauthorized user
[2025-03-28T02:26:25.267] [ERROR] default - [s3Util] :: generateProfileImagePresignedURL() : Forbidden: null
[2025-03-28T03:35:17.059] [ERROR] default - [s3Util] :: generateProfileImagePresignedURL() : Forbidden: null
[2025-03-28T03:35:22.900] [ERROR] default - [s3Util] :: generateProfileImagePresignedURL() : Forbidden: null
[2025-03-28T03:41:10.949] [ERROR] default - [s3Util] :: generateProfileImagePresignedURL() : Forbidden: null
[2025-03-28T03:46:50.569] [ERROR] default - [userController] :: getUserCv() : Role not found for user
[2025-03-28T03:46:51.595] [ERROR] default - [userController] :: getUserCv() : Role not found for user
[2025-03-28T03:46:52.038] [ERROR] default - [userController] :: getUserCv() : Role not found for user
[2025-03-28T03:55:43.401] [ERROR] default - [s3Util] :: generateProfileImagePresignedURL() : Forbidden: null
[2025-03-28T04:00:18.004] [ERROR] default - [s3Util] :: generateProfileImagePresignedURL() : Forbidden: null
[2025-03-28T04:00:18.141] [ERROR] default - [organizationController] :: getOrganization() : Organization with ID 60f7c3bfc25e4b3f88fba2c1 not found
[2025-03-28T04:02:32.456] [ERROR] default - [s3Util] :: generateProfileImagePresignedURL() : Forbidden: null
[2025-03-28T04:03:30.902] [ERROR] default - [s3Util] :: generateProfileImagePresignedURL() : Forbidden: null
[2025-03-28T04:03:48.886] [ERROR] default - [s3Util] :: generateProfileImagePresignedURL() : Forbidden: null
[2025-03-28T04:04:44.546] [ERROR] default - [s3Util] :: generateProfileImagePresignedURL() : Forbidden: null
[2025-03-28T04:59:55.567] [ERROR] default - [s3Util] :: generateProfileImagePresignedURL() : Forbidden: null
[2025-03-28T05:00:30.889] [ERROR] default - [s3Util] :: generateProfileImagePresignedURL() : Forbidden: null
[2025-03-28T05:01:32.042] [ERROR] default - [s3Util] :: generateProfileImagePresignedURL() : Forbidden: null
[2025-03-28T05:02:46.761] [ERROR] default - [s3Util] :: generateProfileImagePresignedURL() : Forbidden: null
[2025-03-28T05:06:43.288] [ERROR] default - [s3Util] :: generateProfileImagePresignedURL() : Forbidden: null
[2025-03-28T05:07:20.098] [ERROR] default - [userController] :: createUserCv() : CV already exists for user
[2025-03-28T05:07:27.542] [ERROR] default - [userController] :: createUserCv() : CV already exists for user
[2025-03-28T05:40:43.744] [ERROR] default - [userController] :: createUser() : Invalid username format
[2025-03-28T05:40:51.501] [ERROR] default - [userController] :: createUser() : Invalid username format
[2025-03-28T05:41:39.378] [ERROR] default - [userController] :: createUser() : Invalid username format
[2025-03-28T05:48:57.852] [ERROR] default - [s3Util] :: generateProfileImagePresignedURL() : Forbidden: null
[2025-03-28T05:49:02.776] [ERROR] default - [s3Util] :: generateProfileImagePresignedURL() : Forbidden: null
[2025-03-28T05:49:37.790] [ERROR] default - [s3Util] :: generateProfileImagePresignedURL() : Forbidden: null
[2025-03-28T05:50:56.225] [ERROR] default - [s3Util] :: generateProfileImagePresignedURL() : Forbidden: null
[2025-03-28T05:55:02.129] [ERROR] default - [s3Util] :: generateProfileImagePresignedURL() : Forbidden: null
[2025-03-28T06:03:23.996] [ERROR] default - [s3Util] :: generateProfileImagePresignedURL() : Forbidden: null
[2025-03-28T06:06:40.416] [ERROR] default - [s3Util] :: generateProfileImagePresignedURL() : Forbidden: null
[2025-03-28T06:46:18.986] [ERROR] default - [s3Util] :: generateProfileImagePresignedURL() : Forbidden: null
